<?xml version="1.0" encoding="UTF-8"?>
<robot generator="Robot 4.1.1 (Python 3.9.7 on win32)" generated="20211019 17:58:43.383" rpa="false" schemaversion="2">
<suite id="s1" name="Android.Test" source="C:\Users\Nina\Documents\GitHub\Appium_Robot_Study\tests\android.test.robot">
<test id="s1-t1" name="Should send keys to search box and then check the value">
<kw name="Open Android Test App" library="resource">
<arg>io.appium.android.apis.ApiDemos</arg>
<kw name="Set Local Executor" library="resource">
<var>${executor}</var>
<kw name="Return From Keyword" library="BuiltIn">
<arg>http://127.0.0.1:4723/wd/hub</arg>
<doc>Returns from the enclosing user keyword.</doc>
<msg timestamp="20211019 17:58:43.663" level="INFO">Returning from the enclosing user keyword.</msg>
<status status="PASS" starttime="20211019 17:58:43.662" endtime="20211019 17:58:43.664"/>
</kw>
<msg timestamp="20211019 17:58:43.664" level="INFO">${executor} = http://127.0.0.1:4723/wd/hub</msg>
<status status="PASS" starttime="20211019 17:58:43.662" endtime="20211019 17:58:43.664"/>
</kw>
<kw name="Open Application" library="AppiumLibrary">
<arg>${executor}</arg>
<arg>automationName=${ANDROID_AUTOMATION_NAME}</arg>
<arg>app=${ANDROID_APP}</arg>
<arg>platformName=${ANDROID_PLATFORM_NAME}</arg>
<arg>platformVersion=${ANDROID_PLATFORM_VERSION}</arg>
<arg>appPackage=${ANDROID_APP_PACKAGE}</arg>
<arg>appActivity=${appActivity}</arg>
<arg>deviceName=${ANDROID_DEVICE_NAME}</arg>
<doc>Opens a new application to given Appium server.
Capabilities of appium server, Android and iOS,
Please check https://github.com/appium/appium/blob/master/docs/en/writing-running-appium/server-args.md
| *Option*            | *Man.* | *Description*     |
| remote_url          | Yes    | Appium server url |
| alias               | no     | alias             |</doc>
<status status="PASS" starttime="20211019 17:58:43.664" endtime="20211019 17:58:52.318"/>
</kw>
<status status="PASS" starttime="20211019 17:58:43.661" endtime="20211019 17:58:52.319"/>
</kw>
<kw name="Click on Accessibility ID" library="resource">
<arg>App</arg>
<kw name="Get element by accessibility id" library="resource">
<var>${element}</var>
<arg>${accessibilityId}</arg>
<kw name="Get Webelement" library="AppiumLibrary">
<var>${element}</var>
<arg>accessibility_id=${accessibilityId}</arg>
<doc>Returns the first [http://selenium-python.readthedocs.io/api.html#module-selenium.webdriver.remote.webelement|WebElement] object matching ``locator``.</doc>
<msg timestamp="20211019 17:58:53.009" level="INFO">${element} = &lt;appium.webdriver.webelement.WebElement (session="f36c887e-3166-4128-a95a-612774fc3d8e", element="00000000-0000-01a5-ffff-ffff0000000c")&gt;</msg>
<status status="PASS" starttime="20211019 17:58:52.321" endtime="20211019 17:58:53.009"/>
</kw>
<kw name="Return From Keyword" library="BuiltIn">
<arg>${element}</arg>
<doc>Returns from the enclosing user keyword.</doc>
<msg timestamp="20211019 17:58:53.010" level="INFO">Returning from the enclosing user keyword.</msg>
<status status="PASS" starttime="20211019 17:58:53.009" endtime="20211019 17:58:53.010"/>
</kw>
<msg timestamp="20211019 17:58:53.011" level="INFO">${element} = &lt;appium.webdriver.webelement.WebElement (session="f36c887e-3166-4128-a95a-612774fc3d8e", element="00000000-0000-01a5-ffff-ffff0000000c")&gt;</msg>
<status status="PASS" starttime="20211019 17:58:52.320" endtime="20211019 17:58:53.011"/>
</kw>
<kw name="Click Element" library="AppiumLibrary">
<arg>${element}</arg>
<doc>Click element identified by `locator`.</doc>
<msg timestamp="20211019 17:58:53.013" level="INFO">Clicking element '&lt;appium.webdriver.webelement.WebElement (session="f36c887e-3166-4128-a95a-612774fc3d8e", element="00000000-0000-01a5-ffff-ffff0000000c")&gt;'.</msg>
<status status="PASS" starttime="20211019 17:58:53.011" endtime="20211019 17:58:54.352"/>
</kw>
<status status="PASS" starttime="20211019 17:58:52.320" endtime="20211019 17:58:54.352"/>
</kw>
<kw name="Close Application" library="AppiumLibrary" type="TEARDOWN">
<doc>Closes the current application and also close webdriver session.</doc>
<status status="PASS" starttime="20211019 17:58:54.353" endtime="20211019 17:58:55.809"/>
</kw>
<status status="PASS" starttime="20211019 17:58:43.660" endtime="20211019 17:58:55.810"/>
</test>
<test id="s1-t2" name="Should click a button that opens an alert and then dismisses it">
<kw name="Open Android Test App" library="resource">
<arg>.app.AlertDialogSamples</arg>
<kw name="Set Local Executor" library="resource">
<var>${executor}</var>
<kw name="Return From Keyword" library="BuiltIn">
<arg>http://127.0.0.1:4723/wd/hub</arg>
<doc>Returns from the enclosing user keyword.</doc>
<msg timestamp="20211019 17:58:55.815" level="INFO">Returning from the enclosing user keyword.</msg>
<status status="PASS" starttime="20211019 17:58:55.814" endtime="20211019 17:58:55.815"/>
</kw>
<msg timestamp="20211019 17:58:55.815" level="INFO">${executor} = http://127.0.0.1:4723/wd/hub</msg>
<status status="PASS" starttime="20211019 17:58:55.814" endtime="20211019 17:58:55.815"/>
</kw>
<kw name="Open Application" library="AppiumLibrary">
<arg>${executor}</arg>
<arg>automationName=${ANDROID_AUTOMATION_NAME}</arg>
<arg>app=${ANDROID_APP}</arg>
<arg>platformName=${ANDROID_PLATFORM_NAME}</arg>
<arg>platformVersion=${ANDROID_PLATFORM_VERSION}</arg>
<arg>appPackage=${ANDROID_APP_PACKAGE}</arg>
<arg>appActivity=${appActivity}</arg>
<arg>deviceName=${ANDROID_DEVICE_NAME}</arg>
<doc>Opens a new application to given Appium server.
Capabilities of appium server, Android and iOS,
Please check https://github.com/appium/appium/blob/master/docs/en/writing-running-appium/server-args.md
| *Option*            | *Man.* | *Description*     |
| remote_url          | Yes    | Appium server url |
| alias               | no     | alias             |</doc>
<status status="PASS" starttime="20211019 17:58:55.816" endtime="20211019 17:59:06.710"/>
</kw>
<status status="PASS" starttime="20211019 17:58:55.813" endtime="20211019 17:59:06.710"/>
</kw>
<kw name="Click Element" library="AppiumLibrary">
<arg>two_buttons</arg>
<doc>Click element identified by `locator`.</doc>
<msg timestamp="20211019 17:59:06.713" level="INFO">Clicking element 'two_buttons'.</msg>
<status status="PASS" starttime="20211019 17:59:06.711" endtime="20211019 17:59:07.583"/>
</kw>
<kw name="Wait Until Page Contains Element" library="AppiumLibrary">
<arg>android:id/alertTitle</arg>
<doc>Waits until element specified with `locator` appears on current page.</doc>
<status status="PASS" starttime="20211019 17:59:07.584" endtime="20211019 17:59:07.942"/>
</kw>
<kw name="Element Should Contain Text" library="AppiumLibrary">
<arg>android:id/alertTitle</arg>
<arg>Lorem ipsum dolor sit aie consectetur adipiscing</arg>
<doc>Verifies element identified by ``locator`` contains text ``expected``.</doc>
<msg timestamp="20211019 17:59:07.945" level="INFO">Verifying element 'android:id/alertTitle' contains text 'Lorem ipsum dolor sit aie consectetur adipiscing'.</msg>
<status status="PASS" starttime="20211019 17:59:07.943" endtime="20211019 17:59:08.341"/>
</kw>
<kw name="Get Webelement" library="AppiumLibrary">
<var>${close_dialog_button}</var>
<arg>android:id/button1</arg>
<doc>Returns the first [http://selenium-python.readthedocs.io/api.html#module-selenium.webdriver.remote.webelement|WebElement] object matching ``locator``.</doc>
<msg timestamp="20211019 17:59:08.380" level="INFO">${close_dialog_button} = &lt;appium.webdriver.webelement.WebElement (session="8ab4f744-fa9c-4096-a267-e0833229493b", element="00000000-0000-01b0-ffff-ffff0000002b")&gt;</msg>
<status status="PASS" starttime="20211019 17:59:08.342" endtime="20211019 17:59:08.380"/>
</kw>
<kw name="Click Element" library="AppiumLibrary">
<arg>${close_dialog_button}</arg>
<doc>Click element identified by `locator`.</doc>
<msg timestamp="20211019 17:59:08.384" level="INFO">Clicking element '&lt;appium.webdriver.webelement.WebElement (session="8ab4f744-fa9c-4096-a267-e0833229493b", element="00000000-0000-01b0-ffff-ffff0000002b")&gt;'.</msg>
<status status="PASS" starttime="20211019 17:59:08.381" endtime="20211019 17:59:08.475"/>
</kw>
<kw name="Close Application" library="AppiumLibrary" type="TEARDOWN">
<doc>Closes the current application and also close webdriver session.</doc>
<status status="PASS" starttime="20211019 17:59:08.476" endtime="20211019 17:59:10.150"/>
</kw>
<status status="PASS" starttime="20211019 17:58:55.812" endtime="20211019 17:59:10.151"/>
</test>
<doc>Android Basic Interactions</doc>
<status status="PASS" starttime="20211019 17:58:43.386" endtime="20211019 17:59:10.153"/>
</suite>
<statistics>
<total>
<stat pass="2" fail="0" skip="0">All Tests</stat>
</total>
<tag>
</tag>
<suite>
<stat pass="2" fail="0" skip="0" id="s1" name="Android.Test">Android.Test</stat>
</suite>
</statistics>
<errors>
</errors>
</robot>
